# JRE version: OpenJDK Runtime Environment (8.0_242) (build 1.8.0_242-release-1644-b3-6222593)
# Java VM: OpenJDK 64-Bit Server VM (25.242-b3-6222593 mixed mode linux-amd64 compressed oops)
Heap:
 PSYoungGen      total 399872K, used 0K [0x00000000e0000000, 0x0000000100000000, 0x0000000100000000)
  eden space 328704K, 0% used [0x00000000e0000000,0x00000000e0000000,0x00000000f4100000)
  from space 71168K, 0% used [0x00000000f4100000,0x00000000f4100000,0x00000000f8680000)
  to   space 104960K, 0% used [0x00000000f9980000,0x00000000f9980000,0x0000000100000000)
 ParOldGen       total 279040K, used 263282K [0x00000000a0000000, 0x00000000b1080000, 0x00000000e0000000)
  object space 279040K, 94% used [0x00000000a0000000,0x00000000b011c8f8,0x00000000b1080000)
 Metaspace       used 110994K, capacity 115947K, committed 116480K, reserved 1150976K
  class space    used 14126K, capacity 15122K, committed 15360K, reserved 1048576K
GC Heap History (10 events):
Event: 518.910 GC heap after
Heap after GC invocations=32 (full 6):
 PSYoungGen      total 452608K, used 19696K [0x00000000e0000000, 0x00000000ff680000, 0x0000000100000000)
  eden space 397824K, 0% used [0x00000000e0000000,0x00000000e0000000,0x00000000f8480000)
  from space 54784K, 35% used [0x00000000fc100000,0x00000000fd43c2d8,0x00000000ff680000)
  to   space 58368K, 0% used [0x00000000f8480000,0x00000000f8480000,0x00000000fbd80000)
 ParOldGen       total 224256K, used 187078K [0x00000000a0000000, 0x00000000adb00000, 0x00000000e0000000)
  object space 224256K, 83% used [0x00000000a0000000,0x00000000ab6b1b10,0x00000000adb00000)
 Metaspace       used 110220K, capacity 115113K, committed 115840K, reserved 1150976K
  class space    used 14031K, capacity 15035K, committed 15232K, reserved 1048576K
}
Event: 523.966 GC heap before
{Heap before GC invocations=33 (full 6):
 PSYoungGen      total 452608K, used 417511K [0x00000000e0000000, 0x00000000ff680000, 0x0000000100000000)
  eden space 397824K, 99% used [0x00000000e0000000,0x00000000f847dca8,0x00000000f8480000)
  from space 54784K, 35% used [0x00000000fc100000,0x00000000fd43c2d8,0x00000000ff680000)
  to   space 58368K, 0% used [0x00000000f8480000,0x00000000f8480000,0x00000000fbd80000)
 ParOldGen       total 224256K, used 187078K [0x00000000a0000000, 0x00000000adb00000, 0x00000000e0000000)
  object space 224256K, 83% used [0x00000000a0000000,0x00000000ab6b1b10,0x00000000adb00000)
 Metaspace       used 110939K, capacity 115877K, committed 116480K, reserved 1150976K
  class space    used 14123K, capacity 15121K, committed 15360K, reserved 1048576K
Event: 524.002 GC heap after
Heap after GC invocations=33 (full 6):
 PSYoungGen      total 456192K, used 58357K [0x00000000e0000000, 0x0000000100000000, 0x0000000100000000)
  eden space 397824K, 0% used [0x00000000e0000000,0x00000000e0000000,0x00000000f8480000)
  from space 58368K, 99% used [0x00000000f8480000,0x00000000fbd7d6c0,0x00000000fbd80000)
  to   space 68096K, 0% used [0x00000000fbd80000,0x00000000fbd80000,0x0000000100000000)
 ParOldGen       total 224256K, used 202052K [0x00000000a0000000, 0x00000000adb00000, 0x00000000e0000000)
  object space 224256K, 90% used [0x00000000a0000000,0x00000000ac5513f0,0x00000000adb00000)
 Metaspace       used 110939K, capacity 115877K, committed 116480K, reserved 1150976K
  class space    used 14123K, capacity 15121K, committed 15360K, reserved 1048576K
}
Event: 524.002 GC heap before
{Heap before GC invocations=34 (full 7):
 PSYoungGen      total 456192K, used 58357K [0x00000000e0000000, 0x0000000100000000, 0x0000000100000000)
  eden space 397824K, 0% used [0x00000000e0000000,0x00000000e0000000,0x00000000f8480000)
  from space 58368K, 99% used [0x00000000f8480000,0x00000000fbd7d6c0,0x00000000fbd80000)
  to   space 68096K, 0% used [0x00000000fbd80000,0x00000000fbd80000,0x0000000100000000)
 ParOldGen       total 224256K, used 202052K [0x00000000a0000000, 0x00000000adb00000, 0x00000000e0000000)
  object space 224256K, 90% used [0x00000000a0000000,0x00000000ac5513f0,0x00000000adb00000)
 Metaspace       used 110939K, capacity 115877K, committed 116480K, reserved 1150976K
  class space    used 14123K, capacity 15121K, committed 15360K, reserved 1048576K
Event: 524.244 GC heap after
Heap after GC invocations=34 (full 7):
 PSYoungGen      total 456192K, used 0K [0x00000000e0000000, 0x0000000100000000, 0x0000000100000000)
  eden space 397824K, 0% used [0x00000000e0000000,0x00000000e0000000,0x00000000f8480000)
  from space 58368K, 0% used [0x00000000f8480000,0x00000000f8480000,0x00000000fbd80000)
  to   space 68096K, 0% used [0x00000000fbd80000,0x00000000fbd80000,0x0000000100000000)
 ParOldGen       total 274944K, used 182913K [0x00000000a0000000, 0x00000000b0c80000, 0x00000000e0000000)
  object space 274944K, 66% used [0x00000000a0000000,0x00000000ab2a0620,0x00000000b0c80000)
 Metaspace       used 110939K, capacity 115877K, committed 116480K, reserved 1150976K
  class space    used 14123K, capacity 15121K, committed 15360K, reserved 1048576K
}
Event: 525.720 GC heap before
{Heap before GC invocations=35 (full 7):
 PSYoungGen      total 456192K, used 397824K [0x00000000e0000000, 0x0000000100000000, 0x0000000100000000)
  eden space 397824K, 100% used [0x00000000e0000000,0x00000000f8480000,0x00000000f8480000)
  from space 58368K, 0% used [0x00000000f8480000,0x00000000f8480000,0x00000000fbd80000)
  to   space 68096K, 0% used [0x00000000fbd80000,0x00000000fbd80000,0x0000000100000000)
 ParOldGen       total 274944K, used 182913K [0x00000000a0000000, 0x00000000b0c80000, 0x00000000e0000000)
  object space 274944K, 66% used [0x00000000a0000000,0x00000000ab2a0620,0x00000000b0c80000)
 Metaspace       used 110955K, capacity 115877K, committed 116480K, reserved 1150976K
  class space    used 14123K, capacity 15121K, committed 15360K, reserved 1048576K
Event: 525.824 GC heap after
Heap after GC invocations=35 (full 7):
 PSYoungGen      total 396800K, used 68082K [0x00000000e0000000, 0x0000000100000000, 0x0000000100000000)
  eden space 328704K, 0% used [0x00000000e0000000,0x00000000e0000000,0x00000000f4100000)
  from space 68096K, 99% used [0x00000000fbd80000,0x00000000ffffc990,0x0000000100000000)
  to   space 97792K, 0% used [0x00000000f4100000,0x00000000f4100000,0x00000000fa080000)
 ParOldGen       total 274944K, used 219319K [0x00000000a0000000, 0x00000000b0c80000, 0x00000000e0000000)
  object space 274944K, 79% used [0x00000000a0000000,0x00000000ad62dfd0,0x00000000b0c80000)
 Metaspace       used 110955K, capacity 115877K, committed 116480K, reserved 1150976K
  class space    used 14123K, capacity 15121K, committed 15360K, reserved 1048576K
}
Event: 571.424 GC heap before
{Heap before GC invocations=36 (full 7):
 PSYoungGen      total 396800K, used 396786K [0x00000000e0000000, 0x0000000100000000, 0x0000000100000000)
  eden space 328704K, 100% used [0x00000000e0000000,0x00000000f4100000,0x00000000f4100000)
  from space 68096K, 99% used [0x00000000fbd80000,0x00000000ffffc990,0x0000000100000000)
  to   space 97792K, 0% used [0x00000000f4100000,0x00000000f4100000,0x00000000fa080000)
 ParOldGen       total 274944K, used 219319K [0x00000000a0000000, 0x00000000b0c80000, 0x00000000e0000000)
  object space 274944K, 79% used [0x00000000a0000000,0x00000000ad62dfd0,0x00000000b0c80000)
 Metaspace       used 110994K, capacity 115947K, committed 116480K, reserved 1150976K
  class space    used 14126K, capacity 15122K, committed 15360K, reserved 1048576K
Event: 590.560 GC heap after
Heap after GC invocations=36 (full 7):
 PSYoungGen      total 399872K, used 71056K [0x00000000e0000000, 0x0000000100000000, 0x0000000100000000)
  eden space 328704K, 0% used [0x00000000e0000000,0x00000000e0000000,0x00000000f4100000)
  from space 71168K, 99% used [0x00000000f4100000,0x00000000f86640b0,0x00000000f8680000)
  to   space 104960K, 0% used [0x00000000f9980000,0x00000000f9980000,0x0000000100000000)
 ParOldGen       total 279040K, used 277843K [0x00000000a0000000, 0x00000000b1080000, 0x00000000e0000000)
  object space 279040K, 99% used [0x00000000a0000000,0x00000000b0f54e20,0x00000000b1080000)
 Metaspace       used 110994K, capacity 115947K, committed 116480K, reserved 1150976K
  class space    used 14126K, capacity 15122K, committed 15360K, reserved 1048576K
}
Event: 590.848 GC heap before
{Heap before GC invocations=37 (full 8):
 PSYoungGen      total 399872K, used 71056K [0x00000000e0000000, 0x0000000100000000, 0x0000000100000000)
  eden space 328704K, 0% used [0x00000000e0000000,0x00000000e0000000,0x00000000f4100000)
  from space 71168K, 99% used [0x00000000f4100000,0x00000000f86640b0,0x00000000f8680000)
  to   space 104960K, 0% used [0x00000000f9980000,0x00000000f9980000,0x0000000100000000)
 ParOldGen       total 279040K, used 277843K [0x00000000a0000000, 0x00000000b1080000, 0x00000000e0000000)
  object space 279040K, 99% used [0x00000000a0000000,0x00000000b0f54e20,0x00000000b1080000)
 Metaspace       used 110994K, capacity 115947K, committed 116480K, reserved 1150976K
  class space    used 14126K, capacity 15122K, committed 15360K, reserved 1048576K

