# JRE version: OpenJDK Runtime Environment (8.0_212) (build 1.8.0_212-release-1586-b4-5784211)
# Java VM: OpenJDK 64-Bit Server VM (25.212-b4-5784211 mixed mode linux-amd64 compressed oops)
Heap:
 PSYoungGen      total 422400K, used 0K [0x00000000e0000000, 0x0000000100000000, 0x0000000100000000)
  eden space 384000K, 0% used [0x00000000e0000000,0x00000000e0000000,0x00000000f7700000)
  from space 38400K, 0% used [0x00000000fda80000,0x00000000fda80000,0x0000000100000000)
  to   space 70144K, 0% used [0x00000000f7700000,0x00000000f7700000,0x00000000fbb80000)
 ParOldGen       total 318976K, used 261651K [0x00000000a0000000, 0x00000000b3780000, 0x00000000e0000000)
  object space 318976K, 82% used [0x00000000a0000000,0x00000000aff84c08,0x00000000b3780000)
 Metaspace       used 129847K, capacity 134725K, committed 135720K, reserved 1167360K
  class space    used 15891K, capacity 16828K, committed 17192K, reserved 1048576K
GC Heap History (10 events):
Event: 3929.386 GC heap after
Heap after GC invocations=73 (full 9):
 PSYoungGen      total 489984K, used 10025K [0x00000000e0000000, 0x00000000ffe00000, 0x0000000100000000)
  eden space 457728K, 0% used [0x00000000e0000000,0x00000000e0000000,0x00000000fbf00000)
  from space 32256K, 31% used [0x00000000fde80000,0x00000000fe84a528,0x00000000ffe00000)
  to   space 32256K, 0% used [0x00000000fbf00000,0x00000000fbf00000,0x00000000fde80000)
 ParOldGen       total 318976K, used 206208K [0x00000000a0000000, 0x00000000b3780000, 0x00000000e0000000)
  object space 318976K, 64% used [0x00000000a0000000,0x00000000ac9600b0,0x00000000b3780000)
 Metaspace       used 129033K, capacity 133863K, committed 135208K, reserved 1167360K
  class space    used 15796K, capacity 16735K, committed 17192K, reserved 1048576K
}
Event: 3938.498 GC heap before
{Heap before GC invocations=74 (full 9):
 PSYoungGen      total 489984K, used 467753K [0x00000000e0000000, 0x00000000ffe00000, 0x0000000100000000)
  eden space 457728K, 100% used [0x00000000e0000000,0x00000000fbf00000,0x00000000fbf00000)
  from space 32256K, 31% used [0x00000000fde80000,0x00000000fe84a528,0x00000000ffe00000)
  to   space 32256K, 0% used [0x00000000fbf00000,0x00000000fbf00000,0x00000000fde80000)
 ParOldGen       total 318976K, used 206208K [0x00000000a0000000, 0x00000000b3780000, 0x00000000e0000000)
  object space 318976K, 64% used [0x00000000a0000000,0x00000000ac9600b0,0x00000000b3780000)
 Metaspace       used 129057K, capacity 133863K, committed 135208K, reserved 1167360K
  class space    used 15796K, capacity 16735K, committed 17192K, reserved 1048576K
Event: 3938.534 GC heap after
Heap after GC invocations=74 (full 9):
 PSYoungGen      total 489984K, used 32247K [0x00000000e0000000, 0x0000000100000000, 0x0000000100000000)
  eden space 457728K, 0% used [0x00000000e0000000,0x00000000e0000000,0x00000000fbf00000)
  from space 32256K, 99% used [0x00000000fbf00000,0x00000000fde7df88,0x00000000fde80000)
  to   space 34304K, 0% used [0x00000000fde80000,0x00000000fde80000,0x0000000100000000)
 ParOldGen       total 318976K, used 214851K [0x00000000a0000000, 0x00000000b3780000, 0x00000000e0000000)
  object space 318976K, 67% used [0x00000000a0000000,0x00000000ad1d0f70,0x00000000b3780000)
 Metaspace       used 129057K, capacity 133863K, committed 135208K, reserved 1167360K
  class space    used 15796K, capacity 16735K, committed 17192K, reserved 1048576K
}
Event: 3939.105 GC heap before
{Heap before GC invocations=75 (full 9):
 PSYoungGen      total 489984K, used 489975K [0x00000000e0000000, 0x0000000100000000, 0x0000000100000000)
  eden space 457728K, 100% used [0x00000000e0000000,0x00000000fbf00000,0x00000000fbf00000)
  from space 32256K, 99% used [0x00000000fbf00000,0x00000000fde7df88,0x00000000fde80000)
  to   space 34304K, 0% used [0x00000000fde80000,0x00000000fde80000,0x0000000100000000)
 ParOldGen       total 318976K, used 214851K [0x00000000a0000000, 0x00000000b3780000, 0x00000000e0000000)
  object space 318976K, 67% used [0x00000000a0000000,0x00000000ad1d0f70,0x00000000b3780000)
 Metaspace       used 129058K, capacity 133863K, committed 135208K, reserved 1167360K
  class space    used 15796K, capacity 16735K, committed 17192K, reserved 1048576K
Event: 3939.147 GC heap after
Heap after GC invocations=75 (full 9):
 PSYoungGen      total 480768K, used 11026K [0x00000000e0000000, 0x0000000100000000, 0x0000000100000000)
  eden space 446464K, 0% used [0x00000000e0000000,0x00000000e0000000,0x00000000fb400000)
  from space 34304K, 32% used [0x00000000fde80000,0x00000000fe944ba8,0x0000000100000000)
  to   space 38912K, 0% used [0x00000000fb400000,0x00000000fb400000,0x00000000fda00000)
 ParOldGen       total 318976K, used 242282K [0x00000000a0000000, 0x00000000b3780000, 0x00000000e0000000)
  object space 318976K, 75% used [0x00000000a0000000,0x00000000aec9a8d0,0x00000000b3780000)
 Metaspace       used 129058K, capacity 133863K, committed 135208K, reserved 1167360K
  class space    used 15796K, capacity 16735K, committed 17192K, reserved 1048576K
}
Event: 3940.824 GC heap before
{Heap before GC invocations=76 (full 9):
 PSYoungGen      total 480768K, used 457490K [0x00000000e0000000, 0x0000000100000000, 0x0000000100000000)
  eden space 446464K, 100% used [0x00000000e0000000,0x00000000fb400000,0x00000000fb400000)
  from space 34304K, 32% used [0x00000000fde80000,0x00000000fe944ba8,0x0000000100000000)
  to   space 38912K, 0% used [0x00000000fb400000,0x00000000fb400000,0x00000000fda00000)
 ParOldGen       total 318976K, used 242282K [0x00000000a0000000, 0x00000000b3780000, 0x00000000e0000000)
  object space 318976K, 75% used [0x00000000a0000000,0x00000000aec9a8d0,0x00000000b3780000)
 Metaspace       used 129104K, capacity 133927K, committed 135208K, reserved 1167360K
  class space    used 15796K, capacity 16735K, committed 17192K, reserved 1048576K
Event: 3940.837 GC heap after
Heap after GC invocations=76 (full 9):
 PSYoungGen      total 485376K, used 7552K [0x00000000e0000000, 0x0000000100000000, 0x0000000100000000)
  eden space 446464K, 0% used [0x00000000e0000000,0x00000000e0000000,0x00000000fb400000)
  from space 38912K, 19% used [0x00000000fb400000,0x00000000fbb60078,0x00000000fda00000)
  to   space 38400K, 0% used [0x00000000fda80000,0x00000000fda80000,0x0000000100000000)
 ParOldGen       total 318976K, used 245714K [0x00000000a0000000, 0x00000000b3780000, 0x00000000e0000000)
  object space 318976K, 77% used [0x00000000a0000000,0x00000000aeff4b28,0x00000000b3780000)
 Metaspace       used 129104K, capacity 133927K, committed 135208K, reserved 1167360K
  class space    used 15796K, capacity 16735K, committed 17192K, reserved 1048576K
}
Event: 3996.985 GC heap before
{Heap before GC invocations=77 (full 9):
 PSYoungGen      total 485376K, used 454016K [0x00000000e0000000, 0x0000000100000000, 0x0000000100000000)
  eden space 446464K, 100% used [0x00000000e0000000,0x00000000fb400000,0x00000000fb400000)
  from space 38912K, 19% used [0x00000000fb400000,0x00000000fbb60078,0x00000000fda00000)
  to   space 38400K, 0% used [0x00000000fda80000,0x00000000fda80000,0x0000000100000000)
 ParOldGen       total 318976K, used 245714K [0x00000000a0000000, 0x00000000b3780000, 0x00000000e0000000)
  object space 318976K, 77% used [0x00000000a0000000,0x00000000aeff4b28,0x00000000b3780000)
 Metaspace       used 129847K, capacity 134725K, committed 135720K, reserved 1167360K
  class space    used 15891K, capacity 16828K, committed 17192K, reserved 1048576K
Event: 3997.514 GC heap after
Heap after GC invocations=77 (full 9):
 PSYoungGen      total 422400K, used 38391K [0x00000000e0000000, 0x0000000100000000, 0x0000000100000000)
  eden space 384000K, 0% used [0x00000000e0000000,0x00000000e0000000,0x00000000f7700000)
  from space 38400K, 99% used [0x00000000fda80000,0x00000000ffffdef0,0x0000000100000000)
  to   space 70144K, 0% used [0x00000000f7700000,0x00000000f7700000,0x00000000fbb80000)
 ParOldGen       total 318976K, used 314784K [0x00000000a0000000, 0x00000000b3780000, 0x00000000e0000000)
  object space 318976K, 98% used [0x00000000a0000000,0x00000000b3368350,0x00000000b3780000)
 Metaspace       used 129847K, capacity 134725K, committed 135720K, reserved 1167360K
  class space    used 15891K, capacity 16828K, committed 17192K, reserved 1048576K
}
Event: 3997.545 GC heap before
{Heap before GC invocations=78 (full 10):
 PSYoungGen      total 422400K, used 38391K [0x00000000e0000000, 0x0000000100000000, 0x0000000100000000)
  eden space 384000K, 0% used [0x00000000e0000000,0x00000000e0000000,0x00000000f7700000)
  from space 38400K, 99% used [0x00000000fda80000,0x00000000ffffdef0,0x0000000100000000)
  to   space 70144K, 0% used [0x00000000f7700000,0x00000000f7700000,0x00000000fbb80000)
 ParOldGen       total 318976K, used 314784K [0x00000000a0000000, 0x00000000b3780000, 0x00000000e0000000)
  object space 318976K, 98% used [0x00000000a0000000,0x00000000b3368350,0x00000000b3780000)
 Metaspace       used 129847K, capacity 134725K, committed 135720K, reserved 1167360K
  class space    used 15891K, capacity 16828K, committed 17192K, reserved 1048576K

